<?xml version="1.0" encoding="UTF-8"?>
<testng-results ignored="0" total="1" passed="1" failed="0" skipped="0">
  <reporter-output>
    <line>
      <![CDATA[No of   rows are::11]]>
    </line>
    <line>
      <![CDATA[Add emp success::7530  7530]]>
    </line>
    <line>
      <![CDATA[Add emp success::7531  7531]]>
    </line>
    <line>
      <![CDATA[Add emp success::7532  7532]]>
    </line>
    <line>
      <![CDATA[Add emp success::7533  7533]]>
    </line>
    <line>
      <![CDATA[Add emp success::7534  7534]]>
    </line>
    <line>
      <![CDATA[Add emp success::7535  7535]]>
    </line>
    <line>
      <![CDATA[Add emp success::7536  7536]]>
    </line>
    <line>
      <![CDATA[Add emp success::7537  7537]]>
    </line>
    <line>
      <![CDATA[Add emp success::7538  7538]]>
    </line>
    <line>
      <![CDATA[Add emp success::7539  7539]]>
    </line>
    <line>
      <![CDATA[Add emp success::7540  7540]]>
    </line>
  </reporter-output>
  <suite started-at="2022-12-29T15:29:29 IST" name="Default suite" finished-at="2022-12-29T15:31:07 IST" duration-ms="98464">
    <groups>
    </groups>
    <test started-at="2022-12-29T15:29:29 IST" name="Default test" finished-at="2022-12-29T15:31:07 IST" duration-ms="98464">
      <class name="driverFactory.DriverScriptPOM">
        <test-method is-config="true" signature="setup()[pri:0, instance:driverFactory.DriverScriptPOM@1ed4ae0f]" started-at="2022-12-29T15:29:29 IST" name="setup" finished-at="2022-12-29T15:29:48 IST" duration-ms="19211" status="PASS">
          <reporter-output>
          </reporter-output>
        </test-method> <!-- setup -->
        <test-method signature="startTest()[pri:0, instance:driverFactory.DriverScriptPOM@1ed4ae0f]" started-at="2022-12-29T15:29:48 IST" name="startTest" finished-at="2022-12-29T15:31:04 IST" duration-ms="76455" status="PASS">
          <reporter-output>
            <line>
              <![CDATA[No of   rows are::11]]>
            </line>
            <line>
              <![CDATA[Add emp success::7530  7530]]>
            </line>
            <line>
              <![CDATA[Add emp success::7531  7531]]>
            </line>
            <line>
              <![CDATA[Add emp success::7532  7532]]>
            </line>
            <line>
              <![CDATA[Add emp success::7533  7533]]>
            </line>
            <line>
              <![CDATA[Add emp success::7534  7534]]>
            </line>
            <line>
              <![CDATA[Add emp success::7535  7535]]>
            </line>
            <line>
              <![CDATA[Add emp success::7536  7536]]>
            </line>
            <line>
              <![CDATA[Add emp success::7537  7537]]>
            </line>
            <line>
              <![CDATA[Add emp success::7538  7538]]>
            </line>
            <line>
              <![CDATA[Add emp success::7539  7539]]>
            </line>
            <line>
              <![CDATA[Add emp success::7540  7540]]>
            </line>
          </reporter-output>
        </test-method> <!-- startTest -->
        <test-method is-config="true" signature="teardown()[pri:0, instance:driverFactory.DriverScriptPOM@1ed4ae0f]" started-at="2022-12-29T15:31:04 IST" name="teardown" finished-at="2022-12-29T15:31:07 IST" duration-ms="2711" status="PASS">
          <reporter-output>
          </reporter-output>
        </test-method> <!-- teardown -->
      </class> <!-- driverFactory.DriverScriptPOM -->
    </test> <!-- Default test -->
  </suite> <!-- Default suite -->
</testng-results>
